<?xml version="1.0" encoding="UTF-8"?>
<testsuites name="jest tests" tests="7" failures="0" errors="0" time="2.382">
  <testsuite name="USER UPDATE - users/updateMe" errors="0" failures="0" skipped="0" timestamp="2025-05-24T22:08:23" time="2.231" tests="7">
    <testcase classname="USER UPDATE - users/updateMe Should update the user and email" name="USER UPDATE - users/updateMe Should update the user and email" time="0.064">
    </testcase>
    <testcase classname="USER UPDATE - users/updateMe Should update the user and photo" name="USER UPDATE - users/updateMe Should update the user and photo" time="0.103">
    </testcase>
    <testcase classname="USER UPDATE - users/updateMe Should update the password" name="USER UPDATE - users/updateMe Should update the password" time="0.032">
    </testcase>
    <testcase classname="USER UPDATE - users/updateMe Successfully update user name and email" name="USER UPDATE - users/updateMe Successfully update user name and email" time="0.064">
    </testcase>
    <testcase classname="USER UPDATE - users/updateMe Should not update the user with invalid email" name="USER UPDATE - users/updateMe Should not update the user with invalid email" time="0.038">
    </testcase>
    <testcase classname="USER UPDATE - users/updateMe Should not update the user without token" name="USER UPDATE - users/updateMe Should not update the user without token" time="0.005">
    </testcase>
    <testcase classname="USER UPDATE - users/updateMe Should not update the user with invalid token" name="USER UPDATE - users/updateMe Should not update the user with invalid token" time="0.009">
    </testcase>
  </testsuite>
</testsuites>