<?xml version="1.0" encoding="UTF-8"?>
<testsuites name="jest tests" tests="2" failures="0" errors="0" time="2.125">
  <testsuite name="NOMGODB connection" errors="0" failures="0" skipped="0" timestamp="2025-05-19T15:51:15" time="1.978" tests="2">
    <testcase classname="NOMGODB connection Connect to the collection and find user" name="NOMGODB connection Connect to the collection and find user" time="0.043">
    </testcase>
    <testcase classname="NOMGODB connection Create new user with imported data" name="NOMGODB connection Create new user with imported data" time="0.616">
    </testcase>
  </testsuite>
</testsuites>